2016-05-20 11:17:19,992 [main] [org.springframework.test.context.support.DefaultTestContextBootstrapper] [INFO] - Loaded default TestExecutionListener class names from location [META-INF/spring.factories]: [org.springframework.test.context.web.ServletTestExecutionListener, org.springframework.test.context.support.DirtiesContextBeforeModesTestExecutionListener, org.springframework.test.context.support.DependencyInjectionTestExecutionListener, org.springframework.test.context.support.DirtiesContextTestExecutionListener, org.springframework.test.context.transaction.TransactionalTestExecutionListener, org.springframework.test.context.jdbc.SqlScriptsTestExecutionListener]
2016-05-20 11:17:20,000 [main] [org.springframework.test.context.support.DefaultTestContextBootstrapper] [INFO] - Could not instantiate TestExecutionListener [org.springframework.test.context.transaction.TransactionalTestExecutionListener]. Specify custom listener classes or make the default listener classes (and their required dependencies) available. Offending class: [org/springframework/transaction/interceptor/TransactionAttributeSource]
2016-05-20 11:17:20,001 [main] [org.springframework.test.context.support.DefaultTestContextBootstrapper] [INFO] - Could not instantiate TestExecutionListener [org.springframework.test.context.jdbc.SqlScriptsTestExecutionListener]. Specify custom listener classes or make the default listener classes (and their required dependencies) available. Offending class: [org/springframework/transaction/interceptor/TransactionAttribute]
2016-05-20 11:17:20,002 [main] [org.springframework.test.context.support.DefaultTestContextBootstrapper] [INFO] - Using TestExecutionListeners: [org.springframework.test.context.web.ServletTestExecutionListener@42d3bd8b, org.springframework.test.context.support.DirtiesContextBeforeModesTestExecutionListener@26ba2a48, org.springframework.test.context.support.DependencyInjectionTestExecutionListener@5f2050f6, org.springframework.test.context.support.DirtiesContextTestExecutionListener@3b81a1bc]
2016-05-20 11:17:20,124 [main] [org.springframework.beans.factory.xml.XmlBeanDefinitionReader] [INFO] - Loading XML bean definitions from class path resource [rpc-demo-client.xml]
2016-05-20 11:17:20,245 [main] [org.springframework.context.support.GenericApplicationContext] [INFO] - Refreshing org.springframework.context.support.GenericApplicationContext@9629756: startup date [Fri May 20 11:17:20 CST 2016]; root of context hierarchy
2016-05-20 11:17:20,304 [main] [org.springframework.context.support.PropertySourcesPlaceholderConfigurer] [INFO] - Loading properties file from class path resource [rpc-demo-client.properties]
2016-05-20 11:17:20,330 [main] [org.springframework.context.support.GenericApplicationContext] [WARN] - Exception encountered during context initialization - cancelling refresh attempt: org.springframework.beans.factory.BeanCreationException: Error creating bean with name 'helloRpcApi' defined in class path resource [rpc-demo-client.xml]: Error setting property values; nested exception is org.springframework.beans.NotWritablePropertyException: Invalid property 'serviceUrl' of bean class [io.github.kuyer.rpc.channel.HttpChannelProxy]: Bean property 'serviceUrl' is not writable or has an invalid setter method. Does the parameter type of the setter match the return type of the getter?
2016-05-20 11:17:20,332 [main] [org.springframework.test.context.TestContextManager] [ERROR] - Caught exception while allowing TestExecutionListener [org.springframework.test.context.support.DependencyInjectionTestExecutionListener@5f2050f6] to prepare test instance [io.github.kuyer.rpc.demo.HelloRpcApiTest@7692d9cc]
java.lang.IllegalStateException: Failed to load ApplicationContext
	at org.springframework.test.context.cache.DefaultCacheAwareContextLoaderDelegate.loadContext(DefaultCacheAwareContextLoaderDelegate.java:124)
	at org.springframework.test.context.support.DefaultTestContext.getApplicationContext(DefaultTestContext.java:83)
	at org.springframework.test.context.support.DependencyInjectionTestExecutionListener.injectDependencies(DependencyInjectionTestExecutionListener.java:117)
	at org.springframework.test.context.support.DependencyInjectionTestExecutionListener.prepareTestInstance(DependencyInjectionTestExecutionListener.java:83)
	at org.springframework.test.context.TestContextManager.prepareTestInstance(TestContextManager.java:228)
	at org.springframework.test.context.junit4.SpringJUnit4ClassRunner.createTest(SpringJUnit4ClassRunner.java:230)
	at org.springframework.test.context.junit4.SpringJUnit4ClassRunner$1.runReflectiveCall(SpringJUnit4ClassRunner.java:289)
	at org.junit.internal.runners.model.ReflectiveCallable.run(ReflectiveCallable.java:12)
	at org.springframework.test.context.junit4.SpringJUnit4ClassRunner.methodBlock(SpringJUnit4ClassRunner.java:291)
	at org.springframework.test.context.junit4.SpringJUnit4ClassRunner.runChild(SpringJUnit4ClassRunner.java:249)
	at org.springframework.test.context.junit4.SpringJUnit4ClassRunner.runChild(SpringJUnit4ClassRunner.java:89)
	at org.junit.runners.ParentRunner$3.run(ParentRunner.java:238)
	at org.junit.runners.ParentRunner$1.schedule(ParentRunner.java:63)
	at org.junit.runners.ParentRunner.runChildren(ParentRunner.java:236)
	at org.junit.runners.ParentRunner.access$000(ParentRunner.java:53)
	at org.junit.runners.ParentRunner$2.evaluate(ParentRunner.java:229)
	at org.springframework.test.context.junit4.statements.RunBeforeTestClassCallbacks.evaluate(RunBeforeTestClassCallbacks.java:61)
	at org.springframework.test.context.junit4.statements.RunAfterTestClassCallbacks.evaluate(RunAfterTestClassCallbacks.java:70)
	at org.junit.runners.ParentRunner.run(ParentRunner.java:309)
	at org.springframework.test.context.junit4.SpringJUnit4ClassRunner.run(SpringJUnit4ClassRunner.java:193)
	at org.eclipse.jdt.internal.junit4.runner.JUnit4TestReference.run(JUnit4TestReference.java:50)
	at org.eclipse.jdt.internal.junit.runner.TestExecution.run(TestExecution.java:38)
	at org.eclipse.jdt.internal.junit.runner.RemoteTestRunner.runTests(RemoteTestRunner.java:459)
	at org.eclipse.jdt.internal.junit.runner.RemoteTestRunner.runTests(RemoteTestRunner.java:675)
	at org.eclipse.jdt.internal.junit.runner.RemoteTestRunner.run(RemoteTestRunner.java:382)
	at org.eclipse.jdt.internal.junit.runner.RemoteTestRunner.main(RemoteTestRunner.java:192)
Caused by: org.springframework.beans.factory.BeanCreationException: Error creating bean with name 'helloRpcApi' defined in class path resource [rpc-demo-client.xml]: Error setting property values; nested exception is org.springframework.beans.NotWritablePropertyException: Invalid property 'serviceUrl' of bean class [io.github.kuyer.rpc.channel.HttpChannelProxy]: Bean property 'serviceUrl' is not writable or has an invalid setter method. Does the parameter type of the setter match the return type of the getter?
	at org.springframework.beans.factory.support.AbstractAutowireCapableBeanFactory.applyPropertyValues(AbstractAutowireCapableBeanFactory.java:1518)
	at org.springframework.beans.factory.support.AbstractAutowireCapableBeanFactory.populateBean(AbstractAutowireCapableBeanFactory.java:1226)
	at org.springframework.beans.factory.support.AbstractAutowireCapableBeanFactory.doCreateBean(AbstractAutowireCapableBeanFactory.java:543)
	at org.springframework.beans.factory.support.AbstractAutowireCapableBeanFactory.createBean(AbstractAutowireCapableBeanFactory.java:482)
	at org.springframework.beans.factory.support.AbstractBeanFactory$1.getObject(AbstractBeanFactory.java:306)
	at org.springframework.beans.factory.support.DefaultSingletonBeanRegistry.getSingleton(DefaultSingletonBeanRegistry.java:230)
	at org.springframework.beans.factory.support.AbstractBeanFactory.doGetBean(AbstractBeanFactory.java:302)
	at org.springframework.beans.factory.support.AbstractBeanFactory.getBean(AbstractBeanFactory.java:197)
	at org.springframework.beans.factory.support.DefaultListableBeanFactory.preInstantiateSingletons(DefaultListableBeanFactory.java:772)
	at org.springframework.context.support.AbstractApplicationContext.finishBeanFactoryInitialization(AbstractApplicationContext.java:839)
	at org.springframework.context.support.AbstractApplicationContext.refresh(AbstractApplicationContext.java:538)
	at org.springframework.test.context.support.AbstractGenericContextLoader.loadContext(AbstractGenericContextLoader.java:125)
	at org.springframework.test.context.support.AbstractGenericContextLoader.loadContext(AbstractGenericContextLoader.java:60)
	at org.springframework.test.context.support.AbstractDelegatingSmartContextLoader.delegateLoading(AbstractDelegatingSmartContextLoader.java:109)
	at org.springframework.test.context.support.AbstractDelegatingSmartContextLoader.loadContext(AbstractDelegatingSmartContextLoader.java:261)
	at org.springframework.test.context.cache.DefaultCacheAwareContextLoaderDelegate.loadContextInternal(DefaultCacheAwareContextLoaderDelegate.java:98)
	at org.springframework.test.context.cache.DefaultCacheAwareContextLoaderDelegate.loadContext(DefaultCacheAwareContextLoaderDelegate.java:116)
	... 25 more
Caused by: org.springframework.beans.NotWritablePropertyException: Invalid property 'serviceUrl' of bean class [io.github.kuyer.rpc.channel.HttpChannelProxy]: Bean property 'serviceUrl' is not writable or has an invalid setter method. Does the parameter type of the setter match the return type of the getter?
	at org.springframework.beans.BeanWrapperImpl.createNotWritablePropertyException(BeanWrapperImpl.java:231)
	at org.springframework.beans.AbstractNestablePropertyAccessor.setPropertyValue(AbstractNestablePropertyAccessor.java:423)
	at org.springframework.beans.AbstractNestablePropertyAccessor.setPropertyValue(AbstractNestablePropertyAccessor.java:280)
	at org.springframework.beans.AbstractPropertyAccessor.setPropertyValues(AbstractPropertyAccessor.java:95)
	at org.springframework.beans.AbstractPropertyAccessor.setPropertyValues(AbstractPropertyAccessor.java:75)
	at org.springframework.beans.factory.support.AbstractAutowireCapableBeanFactory.applyPropertyValues(AbstractAutowireCapableBeanFactory.java:1514)
	... 41 more
2016-05-20 11:37:00,066 [main] [org.springframework.web.context.ContextLoader] [INFO] - Root WebApplicationContext: initialization started
2016-05-20 11:37:00,117 [main] [org.springframework.web.context.support.XmlWebApplicationContext] [INFO] - Refreshing Root WebApplicationContext: startup date [Fri May 20 11:37:00 CST 2016]; root of context hierarchy
2016-05-20 11:37:00,139 [main] [org.springframework.beans.factory.xml.XmlBeanDefinitionReader] [INFO] - Loading XML bean definitions from class path resource [application-rpc-demo.xml]
2016-05-20 11:37:00,332 [main] [org.springframework.web.context.ContextLoader] [INFO] - Root WebApplicationContext: initialization completed in 265 ms
2016-05-20 11:37:00,376 [main] [io.github.kuyer.rpc.channel.HttpChannelServlet] [INFO] - FrameworkServlet 'kuyer-rpc': initialization started
2016-05-20 11:37:00,378 [main] [org.springframework.web.context.support.XmlWebApplicationContext] [INFO] - Refreshing WebApplicationContext for namespace 'kuyer-rpc-servlet': startup date [Fri May 20 11:37:00 CST 2016]; parent: Root WebApplicationContext
2016-05-20 11:37:00,379 [main] [org.springframework.beans.factory.xml.XmlBeanDefinitionReader] [INFO] - Loading XML bean definitions from class path resource [servlet-rpc-demo.xml]
2016-05-20 11:37:00,417 [main] [org.springframework.web.servlet.handler.BeanNameUrlHandlerMapping] [INFO] - Mapped URL path [/HelloRpcApi] onto handler '/HelloRpcApi'
2016-05-20 11:37:00,418 [main] [org.springframework.web.servlet.handler.BeanNameUrlHandlerMapping] [INFO] - Mapped URL path [/CustomerApi] onto handler '/CustomerApi'
2016-05-20 11:37:00,477 [main] [io.github.kuyer.rpc.channel.HttpChannelServlet] [INFO] - FrameworkServlet 'kuyer-rpc': initialization completed in 100 ms
2016-05-20 11:37:24,158 [main] [org.springframework.test.context.support.DefaultTestContextBootstrapper] [INFO] - Loaded default TestExecutionListener class names from location [META-INF/spring.factories]: [org.springframework.test.context.web.ServletTestExecutionListener, org.springframework.test.context.support.DirtiesContextBeforeModesTestExecutionListener, org.springframework.test.context.support.DependencyInjectionTestExecutionListener, org.springframework.test.context.support.DirtiesContextTestExecutionListener, org.springframework.test.context.transaction.TransactionalTestExecutionListener, org.springframework.test.context.jdbc.SqlScriptsTestExecutionListener]
2016-05-20 11:37:24,165 [main] [org.springframework.test.context.support.DefaultTestContextBootstrapper] [INFO] - Could not instantiate TestExecutionListener [org.springframework.test.context.transaction.TransactionalTestExecutionListener]. Specify custom listener classes or make the default listener classes (and their required dependencies) available. Offending class: [org/springframework/transaction/interceptor/TransactionAttributeSource]
2016-05-20 11:37:24,166 [main] [org.springframework.test.context.support.DefaultTestContextBootstrapper] [INFO] - Could not instantiate TestExecutionListener [org.springframework.test.context.jdbc.SqlScriptsTestExecutionListener]. Specify custom listener classes or make the default listener classes (and their required dependencies) available. Offending class: [org/springframework/transaction/interceptor/TransactionAttribute]
2016-05-20 11:37:24,167 [main] [org.springframework.test.context.support.DefaultTestContextBootstrapper] [INFO] - Using TestExecutionListeners: [org.springframework.test.context.web.ServletTestExecutionListener@42d3bd8b, org.springframework.test.context.support.DirtiesContextBeforeModesTestExecutionListener@26ba2a48, org.springframework.test.context.support.DependencyInjectionTestExecutionListener@5f2050f6, org.springframework.test.context.support.DirtiesContextTestExecutionListener@3b81a1bc]
2016-05-20 11:37:24,240 [main] [org.springframework.beans.factory.xml.XmlBeanDefinitionReader] [INFO] - Loading XML bean definitions from class path resource [rpc-demo-client.xml]
2016-05-20 11:37:24,341 [main] [org.springframework.context.support.GenericApplicationContext] [INFO] - Refreshing org.springframework.context.support.GenericApplicationContext@9629756: startup date [Fri May 20 11:37:24 CST 2016]; root of context hierarchy
2016-05-20 11:37:24,400 [main] [org.springframework.context.support.PropertySourcesPlaceholderConfigurer] [INFO] - Loading properties file from class path resource [rpc-demo-client.properties]
2016-05-20 11:37:24,448 [main] [org.springframework.test.context.TestContextManager] [ERROR] - Caught exception while allowing TestExecutionListener [org.springframework.test.context.support.DependencyInjectionTestExecutionListener@5f2050f6] to prepare test instance [io.github.kuyer.rpc.demo.HelloRpcApiTest@2b6faea6]
org.springframework.beans.factory.BeanCreationException: Error creating bean with name 'io.github.kuyer.rpc.demo.HelloRpcApiTest': Injection of autowired dependencies failed; nested exception is org.springframework.beans.factory.BeanCreationException: Could not autowire field: private io.github.kuyer.rpc.demo.api.HelloRpcApi io.github.kuyer.rpc.demo.HelloRpcApiTest.helloRpcApi; nested exception is org.springframework.beans.factory.NoSuchBeanDefinitionException: No qualifying bean of type [io.github.kuyer.rpc.demo.api.HelloRpcApi] found for dependency: expected at least 1 bean which qualifies as autowire candidate for this dependency. Dependency annotations: {@org.springframework.beans.factory.annotation.Autowired(required=true)}
	at org.springframework.beans.factory.annotation.AutowiredAnnotationBeanPostProcessor.postProcessPropertyValues(AutowiredAnnotationBeanPostProcessor.java:334)
	at org.springframework.beans.factory.support.AbstractAutowireCapableBeanFactory.populateBean(AbstractAutowireCapableBeanFactory.java:1214)
	at org.springframework.beans.factory.support.AbstractAutowireCapableBeanFactory.autowireBeanProperties(AbstractAutowireCapableBeanFactory.java:385)
	at org.springframework.test.context.support.DependencyInjectionTestExecutionListener.injectDependencies(DependencyInjectionTestExecutionListener.java:118)
	at org.springframework.test.context.support.DependencyInjectionTestExecutionListener.prepareTestInstance(DependencyInjectionTestExecutionListener.java:83)
	at org.springframework.test.context.TestContextManager.prepareTestInstance(TestContextManager.java:228)
	at org.springframework.test.context.junit4.SpringJUnit4ClassRunner.createTest(SpringJUnit4ClassRunner.java:230)
	at org.springframework.test.context.junit4.SpringJUnit4ClassRunner$1.runReflectiveCall(SpringJUnit4ClassRunner.java:289)
	at org.junit.internal.runners.model.ReflectiveCallable.run(ReflectiveCallable.java:12)
	at org.springframework.test.context.junit4.SpringJUnit4ClassRunner.methodBlock(SpringJUnit4ClassRunner.java:291)
	at org.springframework.test.context.junit4.SpringJUnit4ClassRunner.runChild(SpringJUnit4ClassRunner.java:249)
	at org.springframework.test.context.junit4.SpringJUnit4ClassRunner.runChild(SpringJUnit4ClassRunner.java:89)
	at org.junit.runners.ParentRunner$3.run(ParentRunner.java:238)
	at org.junit.runners.ParentRunner$1.schedule(ParentRunner.java:63)
	at org.junit.runners.ParentRunner.runChildren(ParentRunner.java:236)
	at org.junit.runners.ParentRunner.access$000(ParentRunner.java:53)
	at org.junit.runners.ParentRunner$2.evaluate(ParentRunner.java:229)
	at org.springframework.test.context.junit4.statements.RunBeforeTestClassCallbacks.evaluate(RunBeforeTestClassCallbacks.java:61)
	at org.springframework.test.context.junit4.statements.RunAfterTestClassCallbacks.evaluate(RunAfterTestClassCallbacks.java:70)
	at org.junit.runners.ParentRunner.run(ParentRunner.java:309)
	at org.springframework.test.context.junit4.SpringJUnit4ClassRunner.run(SpringJUnit4ClassRunner.java:193)
	at org.eclipse.jdt.internal.junit4.runner.JUnit4TestReference.run(JUnit4TestReference.java:50)
	at org.eclipse.jdt.internal.junit.runner.TestExecution.run(TestExecution.java:38)
	at org.eclipse.jdt.internal.junit.runner.RemoteTestRunner.runTests(RemoteTestRunner.java:459)
	at org.eclipse.jdt.internal.junit.runner.RemoteTestRunner.runTests(RemoteTestRunner.java:675)
	at org.eclipse.jdt.internal.junit.runner.RemoteTestRunner.run(RemoteTestRunner.java:382)
	at org.eclipse.jdt.internal.junit.runner.RemoteTestRunner.main(RemoteTestRunner.java:192)
Caused by: org.springframework.beans.factory.BeanCreationException: Could not autowire field: private io.github.kuyer.rpc.demo.api.HelloRpcApi io.github.kuyer.rpc.demo.HelloRpcApiTest.helloRpcApi; nested exception is org.springframework.beans.factory.NoSuchBeanDefinitionException: No qualifying bean of type [io.github.kuyer.rpc.demo.api.HelloRpcApi] found for dependency: expected at least 1 bean which qualifies as autowire candidate for this dependency. Dependency annotations: {@org.springframework.beans.factory.annotation.Autowired(required=true)}
	at org.springframework.beans.factory.annotation.AutowiredAnnotationBeanPostProcessor$AutowiredFieldElement.inject(AutowiredAnnotationBeanPostProcessor.java:573)
	at org.springframework.beans.factory.annotation.InjectionMetadata.inject(InjectionMetadata.java:88)
	at org.springframework.beans.factory.annotation.AutowiredAnnotationBeanPostProcessor.postProcessPropertyValues(AutowiredAnnotationBeanPostProcessor.java:331)
	... 26 more
Caused by: org.springframework.beans.factory.NoSuchBeanDefinitionException: No qualifying bean of type [io.github.kuyer.rpc.demo.api.HelloRpcApi] found for dependency: expected at least 1 bean which qualifies as autowire candidate for this dependency. Dependency annotations: {@org.springframework.beans.factory.annotation.Autowired(required=true)}
	at org.springframework.beans.factory.support.DefaultListableBeanFactory.raiseNoSuchBeanDefinitionException(DefaultListableBeanFactory.java:1373)
	at org.springframework.beans.factory.support.DefaultListableBeanFactory.doResolveDependency(DefaultListableBeanFactory.java:1119)
	at org.springframework.beans.factory.support.DefaultListableBeanFactory.resolveDependency(DefaultListableBeanFactory.java:1014)
	at org.springframework.beans.factory.annotation.AutowiredAnnotationBeanPostProcessor$AutowiredFieldElement.inject(AutowiredAnnotationBeanPostProcessor.java:545)
	... 28 more
2016-05-20 11:37:24,454 [Thread-0] [org.springframework.context.support.GenericApplicationContext] [INFO] - Closing org.springframework.context.support.GenericApplicationContext@9629756: startup date [Fri May 20 11:37:24 CST 2016]; root of context hierarchy
2016-05-20 11:41:10,503 [main] [org.springframework.test.context.support.DefaultTestContextBootstrapper] [INFO] - Loaded default TestExecutionListener class names from location [META-INF/spring.factories]: [org.springframework.test.context.web.ServletTestExecutionListener, org.springframework.test.context.support.DirtiesContextBeforeModesTestExecutionListener, org.springframework.test.context.support.DependencyInjectionTestExecutionListener, org.springframework.test.context.support.DirtiesContextTestExecutionListener, org.springframework.test.context.transaction.TransactionalTestExecutionListener, org.springframework.test.context.jdbc.SqlScriptsTestExecutionListener]
2016-05-20 11:41:10,511 [main] [org.springframework.test.context.support.DefaultTestContextBootstrapper] [INFO] - Could not instantiate TestExecutionListener [org.springframework.test.context.transaction.TransactionalTestExecutionListener]. Specify custom listener classes or make the default listener classes (and their required dependencies) available. Offending class: [org/springframework/transaction/interceptor/TransactionAttributeSource]
2016-05-20 11:41:10,511 [main] [org.springframework.test.context.support.DefaultTestContextBootstrapper] [INFO] - Could not instantiate TestExecutionListener [org.springframework.test.context.jdbc.SqlScriptsTestExecutionListener]. Specify custom listener classes or make the default listener classes (and their required dependencies) available. Offending class: [org/springframework/transaction/interceptor/TransactionAttribute]
2016-05-20 11:41:10,513 [main] [org.springframework.test.context.support.DefaultTestContextBootstrapper] [INFO] - Using TestExecutionListeners: [org.springframework.test.context.web.ServletTestExecutionListener@42d3bd8b, org.springframework.test.context.support.DirtiesContextBeforeModesTestExecutionListener@26ba2a48, org.springframework.test.context.support.DependencyInjectionTestExecutionListener@5f2050f6, org.springframework.test.context.support.DirtiesContextTestExecutionListener@3b81a1bc]
2016-05-20 11:41:10,587 [main] [org.springframework.beans.factory.xml.XmlBeanDefinitionReader] [INFO] - Loading XML bean definitions from class path resource [rpc-demo-client.xml]
2016-05-20 11:41:10,691 [main] [org.springframework.context.support.GenericApplicationContext] [INFO] - Refreshing org.springframework.context.support.GenericApplicationContext@9629756: startup date [Fri May 20 11:41:10 CST 2016]; root of context hierarchy
2016-05-20 11:41:10,751 [main] [org.springframework.context.support.PropertySourcesPlaceholderConfigurer] [INFO] - Loading properties file from class path resource [rpc-demo-client.properties]
2016-05-20 11:41:11,004 [main] [io.github.kuyer.rpc.demo.HelloRpcApiTest] [INFO] - hello, kuyer!
2016-05-20 11:41:11,007 [Thread-0] [org.springframework.context.support.GenericApplicationContext] [INFO] - Closing org.springframework.context.support.GenericApplicationContext@9629756: startup date [Fri May 20 11:41:10 CST 2016]; root of context hierarchy
2016-05-20 11:41:16,878 [main] [org.springframework.test.context.support.DefaultTestContextBootstrapper] [INFO] - Loaded default TestExecutionListener class names from location [META-INF/spring.factories]: [org.springframework.test.context.web.ServletTestExecutionListener, org.springframework.test.context.support.DirtiesContextBeforeModesTestExecutionListener, org.springframework.test.context.support.DependencyInjectionTestExecutionListener, org.springframework.test.context.support.DirtiesContextTestExecutionListener, org.springframework.test.context.transaction.TransactionalTestExecutionListener, org.springframework.test.context.jdbc.SqlScriptsTestExecutionListener]
2016-05-20 11:41:16,885 [main] [org.springframework.test.context.support.DefaultTestContextBootstrapper] [INFO] - Could not instantiate TestExecutionListener [org.springframework.test.context.transaction.TransactionalTestExecutionListener]. Specify custom listener classes or make the default listener classes (and their required dependencies) available. Offending class: [org/springframework/transaction/interceptor/TransactionAttributeSource]
2016-05-20 11:41:16,885 [main] [org.springframework.test.context.support.DefaultTestContextBootstrapper] [INFO] - Could not instantiate TestExecutionListener [org.springframework.test.context.jdbc.SqlScriptsTestExecutionListener]. Specify custom listener classes or make the default listener classes (and their required dependencies) available. Offending class: [org/springframework/transaction/interceptor/TransactionAttribute]
2016-05-20 11:41:16,887 [main] [org.springframework.test.context.support.DefaultTestContextBootstrapper] [INFO] - Using TestExecutionListeners: [org.springframework.test.context.web.ServletTestExecutionListener@42d3bd8b, org.springframework.test.context.support.DirtiesContextBeforeModesTestExecutionListener@26ba2a48, org.springframework.test.context.support.DependencyInjectionTestExecutionListener@5f2050f6, org.springframework.test.context.support.DirtiesContextTestExecutionListener@3b81a1bc]
2016-05-20 11:41:16,963 [main] [org.springframework.beans.factory.xml.XmlBeanDefinitionReader] [INFO] - Loading XML bean definitions from class path resource [rpc-demo-client.xml]
2016-05-20 11:41:17,065 [main] [org.springframework.context.support.GenericApplicationContext] [INFO] - Refreshing org.springframework.context.support.GenericApplicationContext@9629756: startup date [Fri May 20 11:41:17 CST 2016]; root of context hierarchy
2016-05-20 11:41:17,121 [main] [org.springframework.context.support.PropertySourcesPlaceholderConfigurer] [INFO] - Loading properties file from class path resource [rpc-demo-client.properties]
2016-05-20 11:41:17,206 [qtp922872566-39] [io.github.kuyer.rpc.channel.HttpChannelExporter] [ERROR] - handle request error. 
java.lang.NoSuchMethodException: io.github.kuyer.rpc.demo.service.HelloRpcService.plus(java.lang.Integer, java.lang.Integer)
	at java.lang.Class.getDeclaredMethod(Class.java:2122)
	at io.github.kuyer.rpc.channel.HttpChannelExporter.handleRequest(HttpChannelExporter.java:56)
	at org.springframework.web.servlet.mvc.HttpRequestHandlerAdapter.handle(HttpRequestHandlerAdapter.java:51)
	at org.springframework.web.servlet.DispatcherServlet.doDispatch(DispatcherServlet.java:959)
	at org.springframework.web.servlet.DispatcherServlet.doService(DispatcherServlet.java:893)
	at org.springframework.web.servlet.FrameworkServlet.processRequest(FrameworkServlet.java:969)
	at org.springframework.web.servlet.FrameworkServlet.doPost(FrameworkServlet.java:871)
	at javax.servlet.http.HttpServlet.service(HttpServlet.java:755)
	at org.springframework.web.servlet.FrameworkServlet.service(FrameworkServlet.java:845)
	at javax.servlet.http.HttpServlet.service(HttpServlet.java:848)
	at org.eclipse.jetty.servlet.ServletHolder.handle(ServletHolder.java:684)
	at org.eclipse.jetty.servlet.ServletHandler.doHandle(ServletHandler.java:501)
	at org.eclipse.jetty.server.handler.ScopedHandler.handle(ScopedHandler.java:137)
	at org.eclipse.jetty.security.SecurityHandler.handle(SecurityHandler.java:557)
	at org.eclipse.jetty.server.session.SessionHandler.doHandle(SessionHandler.java:231)
	at org.eclipse.jetty.server.handler.ContextHandler.doHandle(ContextHandler.java:1086)
	at org.eclipse.jetty.servlet.ServletHandler.doScope(ServletHandler.java:428)
	at org.eclipse.jetty.server.session.SessionHandler.doScope(SessionHandler.java:193)
	at org.eclipse.jetty.server.handler.ContextHandler.doScope(ContextHandler.java:1020)
	at org.eclipse.jetty.server.handler.ScopedHandler.handle(ScopedHandler.java:135)
	at org.eclipse.jetty.server.handler.HandlerWrapper.handle(HandlerWrapper.java:116)
	at org.eclipse.jetty.server.Server.handle(Server.java:370)
	at org.eclipse.jetty.server.AbstractHttpConnection.handleRequest(AbstractHttpConnection.java:494)
	at org.eclipse.jetty.server.AbstractHttpConnection.content(AbstractHttpConnection.java:982)
	at org.eclipse.jetty.server.AbstractHttpConnection$RequestHandler.content(AbstractHttpConnection.java:1043)
	at org.eclipse.jetty.http.HttpParser.parseNext(HttpParser.java:865)
	at org.eclipse.jetty.http.HttpParser.parseAvailable(HttpParser.java:240)
	at org.eclipse.jetty.server.AsyncHttpConnection.handle(AsyncHttpConnection.java:82)
	at org.eclipse.jetty.io.nio.SelectChannelEndPoint.handle(SelectChannelEndPoint.java:667)
	at org.eclipse.jetty.io.nio.SelectChannelEndPoint$1.run(SelectChannelEndPoint.java:52)
	at org.eclipse.jetty.util.thread.QueuedThreadPool.runJob(QueuedThreadPool.java:608)
	at org.eclipse.jetty.util.thread.QueuedThreadPool$3.run(QueuedThreadPool.java:543)
	at java.lang.Thread.run(Thread.java:745)
2016-05-20 11:41:17,289 [Thread-0] [org.springframework.context.support.GenericApplicationContext] [INFO] - Closing org.springframework.context.support.GenericApplicationContext@9629756: startup date [Fri May 20 11:41:17 CST 2016]; root of context hierarchy
2016-05-20 11:46:48,761 [main] [org.springframework.test.context.support.DefaultTestContextBootstrapper] [INFO] - Loaded default TestExecutionListener class names from location [META-INF/spring.factories]: [org.springframework.test.context.web.ServletTestExecutionListener, org.springframework.test.context.support.DirtiesContextBeforeModesTestExecutionListener, org.springframework.test.context.support.DependencyInjectionTestExecutionListener, org.springframework.test.context.support.DirtiesContextTestExecutionListener, org.springframework.test.context.transaction.TransactionalTestExecutionListener, org.springframework.test.context.jdbc.SqlScriptsTestExecutionListener]
2016-05-20 11:46:48,769 [main] [org.springframework.test.context.support.DefaultTestContextBootstrapper] [INFO] - Could not instantiate TestExecutionListener [org.springframework.test.context.transaction.TransactionalTestExecutionListener]. Specify custom listener classes or make the default listener classes (and their required dependencies) available. Offending class: [org/springframework/transaction/interceptor/TransactionAttributeSource]
2016-05-20 11:46:48,769 [main] [org.springframework.test.context.support.DefaultTestContextBootstrapper] [INFO] - Could not instantiate TestExecutionListener [org.springframework.test.context.jdbc.SqlScriptsTestExecutionListener]. Specify custom listener classes or make the default listener classes (and their required dependencies) available. Offending class: [org/springframework/transaction/interceptor/TransactionAttribute]
2016-05-20 11:46:48,770 [main] [org.springframework.test.context.support.DefaultTestContextBootstrapper] [INFO] - Using TestExecutionListeners: [org.springframework.test.context.web.ServletTestExecutionListener@42d3bd8b, org.springframework.test.context.support.DirtiesContextBeforeModesTestExecutionListener@26ba2a48, org.springframework.test.context.support.DependencyInjectionTestExecutionListener@5f2050f6, org.springframework.test.context.support.DirtiesContextTestExecutionListener@3b81a1bc]
2016-05-20 11:46:48,848 [main] [org.springframework.beans.factory.xml.XmlBeanDefinitionReader] [INFO] - Loading XML bean definitions from class path resource [rpc-demo-client.xml]
2016-05-20 11:46:48,952 [main] [org.springframework.context.support.GenericApplicationContext] [INFO] - Refreshing org.springframework.context.support.GenericApplicationContext@9629756: startup date [Fri May 20 11:46:48 CST 2016]; root of context hierarchy
2016-05-20 11:46:49,013 [main] [org.springframework.context.support.PropertySourcesPlaceholderConfigurer] [INFO] - Loading properties file from class path resource [rpc-demo-client.properties]
2016-05-20 11:46:49,107 [main] [io.github.kuyer.rpc.demo.CustomerApiTest] [INFO] - CustomerApi.getCustomerById(100): CustomerModel [id=100, name=kuyer-rpc-100, birthday=Fri May 20 11:46:49 CST 2016]
2016-05-20 11:46:49,109 [Thread-0] [org.springframework.context.support.GenericApplicationContext] [INFO] - Closing org.springframework.context.support.GenericApplicationContext@9629756: startup date [Fri May 20 11:46:48 CST 2016]; root of context hierarchy
2016-05-20 11:49:21,709 [main] [org.springframework.test.context.support.DefaultTestContextBootstrapper] [INFO] - Loaded default TestExecutionListener class names from location [META-INF/spring.factories]: [org.springframework.test.context.web.ServletTestExecutionListener, org.springframework.test.context.support.DirtiesContextBeforeModesTestExecutionListener, org.springframework.test.context.support.DependencyInjectionTestExecutionListener, org.springframework.test.context.support.DirtiesContextTestExecutionListener, org.springframework.test.context.transaction.TransactionalTestExecutionListener, org.springframework.test.context.jdbc.SqlScriptsTestExecutionListener]
2016-05-20 11:49:21,716 [main] [org.springframework.test.context.support.DefaultTestContextBootstrapper] [INFO] - Could not instantiate TestExecutionListener [org.springframework.test.context.transaction.TransactionalTestExecutionListener]. Specify custom listener classes or make the default listener classes (and their required dependencies) available. Offending class: [org/springframework/transaction/interceptor/TransactionAttributeSource]
2016-05-20 11:49:21,716 [main] [org.springframework.test.context.support.DefaultTestContextBootstrapper] [INFO] - Could not instantiate TestExecutionListener [org.springframework.test.context.jdbc.SqlScriptsTestExecutionListener]. Specify custom listener classes or make the default listener classes (and their required dependencies) available. Offending class: [org/springframework/transaction/interceptor/TransactionAttribute]
2016-05-20 11:49:21,718 [main] [org.springframework.test.context.support.DefaultTestContextBootstrapper] [INFO] - Using TestExecutionListeners: [org.springframework.test.context.web.ServletTestExecutionListener@42d3bd8b, org.springframework.test.context.support.DirtiesContextBeforeModesTestExecutionListener@26ba2a48, org.springframework.test.context.support.DependencyInjectionTestExecutionListener@5f2050f6, org.springframework.test.context.support.DirtiesContextTestExecutionListener@3b81a1bc]
2016-05-20 11:49:21,795 [main] [org.springframework.beans.factory.xml.XmlBeanDefinitionReader] [INFO] - Loading XML bean definitions from class path resource [rpc-demo-client.xml]
2016-05-20 11:49:21,921 [main] [org.springframework.context.support.GenericApplicationContext] [INFO] - Refreshing org.springframework.context.support.GenericApplicationContext@9629756: startup date [Fri May 20 11:49:21 CST 2016]; root of context hierarchy
2016-05-20 11:49:22,025 [main] [org.springframework.context.support.PropertySourcesPlaceholderConfigurer] [INFO] - Loading properties file from class path resource [rpc-demo-client.properties]
2016-05-20 11:49:22,148 [main] [io.github.kuyer.rpc.demo.CustomerApiTest] [INFO] - CustomerModel [id=100, name=kuyer-rpc-100, birthday=Fri May 20 11:49:22 CST 2016]
2016-05-20 11:49:22,148 [main] [io.github.kuyer.rpc.demo.CustomerApiTest] [INFO] - CustomerModel [id=101, name=kuyer-rpc-101, birthday=Fri May 20 11:49:22 CST 2016]
2016-05-20 11:49:22,148 [main] [io.github.kuyer.rpc.demo.CustomerApiTest] [INFO] - CustomerModel [id=102, name=kuyer-rpc-102, birthday=Fri May 20 11:49:22 CST 2016]
2016-05-20 11:49:22,148 [main] [io.github.kuyer.rpc.demo.CustomerApiTest] [INFO] - CustomerModel [id=103, name=kuyer-rpc-103, birthday=Fri May 20 11:49:22 CST 2016]
2016-05-20 11:49:22,148 [main] [io.github.kuyer.rpc.demo.CustomerApiTest] [INFO] - CustomerModel [id=104, name=kuyer-rpc-104, birthday=Fri May 20 11:49:22 CST 2016]
2016-05-20 11:49:22,148 [main] [io.github.kuyer.rpc.demo.CustomerApiTest] [INFO] - CustomerModel [id=105, name=kuyer-rpc-105, birthday=Fri May 20 11:49:22 CST 2016]
2016-05-20 11:49:22,148 [main] [io.github.kuyer.rpc.demo.CustomerApiTest] [INFO] - CustomerModel [id=106, name=kuyer-rpc-106, birthday=Fri May 20 11:49:22 CST 2016]
2016-05-20 11:49:22,148 [main] [io.github.kuyer.rpc.demo.CustomerApiTest] [INFO] - CustomerModel [id=107, name=kuyer-rpc-107, birthday=Fri May 20 11:49:22 CST 2016]
2016-05-20 11:49:22,148 [main] [io.github.kuyer.rpc.demo.CustomerApiTest] [INFO] - CustomerModel [id=108, name=kuyer-rpc-108, birthday=Fri May 20 11:49:22 CST 2016]
2016-05-20 11:49:22,149 [main] [io.github.kuyer.rpc.demo.CustomerApiTest] [INFO] - CustomerModel [id=109, name=kuyer-rpc-109, birthday=Fri May 20 11:49:22 CST 2016]
2016-05-20 11:49:22,149 [main] [io.github.kuyer.rpc.demo.CustomerApiTest] [INFO] - CustomerModel [id=110, name=kuyer-rpc-110, birthday=Fri May 20 11:49:22 CST 2016]
2016-05-20 11:49:22,149 [main] [io.github.kuyer.rpc.demo.CustomerApiTest] [INFO] - CustomerModel [id=111, name=kuyer-rpc-111, birthday=Fri May 20 11:49:22 CST 2016]
2016-05-20 11:49:22,149 [main] [io.github.kuyer.rpc.demo.CustomerApiTest] [INFO] - CustomerModel [id=112, name=kuyer-rpc-112, birthday=Fri May 20 11:49:22 CST 2016]
2016-05-20 11:49:22,149 [main] [io.github.kuyer.rpc.demo.CustomerApiTest] [INFO] - CustomerModel [id=113, name=kuyer-rpc-113, birthday=Fri May 20 11:49:22 CST 2016]
2016-05-20 11:49:22,149 [main] [io.github.kuyer.rpc.demo.CustomerApiTest] [INFO] - CustomerModel [id=114, name=kuyer-rpc-114, birthday=Fri May 20 11:49:22 CST 2016]
2016-05-20 11:49:22,149 [main] [io.github.kuyer.rpc.demo.CustomerApiTest] [INFO] - CustomerModel [id=115, name=kuyer-rpc-115, birthday=Fri May 20 11:49:22 CST 2016]
2016-05-20 11:49:22,149 [main] [io.github.kuyer.rpc.demo.CustomerApiTest] [INFO] - CustomerModel [id=116, name=kuyer-rpc-116, birthday=Fri May 20 11:49:22 CST 2016]
2016-05-20 11:49:22,149 [main] [io.github.kuyer.rpc.demo.CustomerApiTest] [INFO] - CustomerModel [id=117, name=kuyer-rpc-117, birthday=Fri May 20 11:49:22 CST 2016]
2016-05-20 11:49:22,149 [main] [io.github.kuyer.rpc.demo.CustomerApiTest] [INFO] - CustomerModel [id=118, name=kuyer-rpc-118, birthday=Fri May 20 11:49:22 CST 2016]
2016-05-20 11:49:22,150 [main] [io.github.kuyer.rpc.demo.CustomerApiTest] [INFO] - CustomerModel [id=119, name=kuyer-rpc-119, birthday=Fri May 20 11:49:22 CST 2016]
2016-05-20 11:49:22,152 [Thread-0] [org.springframework.context.support.GenericApplicationContext] [INFO] - Closing org.springframework.context.support.GenericApplicationContext@9629756: startup date [Fri May 20 11:49:21 CST 2016]; root of context hierarchy
